<?xml version="1.0" encoding="UTF-8"?>
<testsuite xmlns:xsi="http://www.w3.org/2001/XMLSchema-instance" xsi:noNamespaceSchemaLocation="https://maven.apache.org/surefire/maven-surefire-plugin/xsd/surefire-test-report.xsd" name="com.studydemo.demo.DemoApplicationTests" time="2.539" tests="1" errors="0" skipped="0" failures="0">
  <properties>
    <property name="sun.desktop" value="windows"/>
    <property name="awt.toolkit" value="sun.awt.windows.WToolkit"/>
    <property name="file.encoding.pkg" value="sun.io"/>
    <property name="java.specification.version" value="1.8"/>
    <property name="sun.cpu.isalist" value="amd64"/>
    <property name="sun.jnu.encoding" value="GBK"/>
    <property name="java.class.path" value="D:\ideaProjects\studyDemo20230129\target\test-classes;D:\ideaProjects\studyDemo20230129\target\classes;D:\software\maven\repository\org\springframework\boot\spring-boot-starter-web\2.5.4\spring-boot-starter-web-2.5.4.jar;D:\software\maven\repository\org\springframework\boot\spring-boot-starter\2.5.4\spring-boot-starter-2.5.4.jar;D:\software\maven\repository\org\springframework\boot\spring-boot\2.5.4\spring-boot-2.5.4.jar;D:\software\maven\repository\org\springframework\boot\spring-boot-autoconfigure\2.5.4\spring-boot-autoconfigure-2.5.4.jar;D:\software\maven\repository\org\springframework\boot\spring-boot-starter-logging\2.5.4\spring-boot-starter-logging-2.5.4.jar;D:\software\maven\repository\ch\qos\logback\logback-classic\1.2.5\logback-classic-1.2.5.jar;D:\software\maven\repository\ch\qos\logback\logback-core\1.2.5\logback-core-1.2.5.jar;D:\software\maven\repository\org\apache\logging\log4j\log4j-to-slf4j\2.14.1\log4j-to-slf4j-2.14.1.jar;D:\software\maven\repository\org\apache\logging\log4j\log4j-api\2.14.1\log4j-api-2.14.1.jar;D:\software\maven\repository\org\slf4j\jul-to-slf4j\1.7.32\jul-to-slf4j-1.7.32.jar;D:\software\maven\repository\jakarta\annotation\jakarta.annotation-api\1.3.5\jakarta.annotation-api-1.3.5.jar;D:\software\maven\repository\org\yaml\snakeyaml\1.28\snakeyaml-1.28.jar;D:\software\maven\repository\org\springframework\boot\spring-boot-starter-json\2.5.4\spring-boot-starter-json-2.5.4.jar;D:\software\maven\repository\com\fasterxml\jackson\core\jackson-databind\2.12.4\jackson-databind-2.12.4.jar;D:\software\maven\repository\com\fasterxml\jackson\core\jackson-core\2.12.4\jackson-core-2.12.4.jar;D:\software\maven\repository\com\fasterxml\jackson\datatype\jackson-datatype-jdk8\2.12.4\jackson-datatype-jdk8-2.12.4.jar;D:\software\maven\repository\com\fasterxml\jackson\datatype\jackson-datatype-jsr310\2.12.4\jackson-datatype-jsr310-2.12.4.jar;D:\software\maven\repository\com\fasterxml\jackson\module\jackson-module-parameter-names\2.12.4\jackson-module-parameter-names-2.12.4.jar;D:\software\maven\repository\org\springframework\boot\spring-boot-starter-tomcat\2.5.4\spring-boot-starter-tomcat-2.5.4.jar;D:\software\maven\repository\org\apache\tomcat\embed\tomcat-embed-core\9.0.52\tomcat-embed-core-9.0.52.jar;D:\software\maven\repository\org\apache\tomcat\embed\tomcat-embed-el\9.0.52\tomcat-embed-el-9.0.52.jar;D:\software\maven\repository\org\apache\tomcat\embed\tomcat-embed-websocket\9.0.52\tomcat-embed-websocket-9.0.52.jar;D:\software\maven\repository\org\springframework\spring-web\5.3.9\spring-web-5.3.9.jar;D:\software\maven\repository\org\springframework\spring-beans\5.3.9\spring-beans-5.3.9.jar;D:\software\maven\repository\org\springframework\spring-webmvc\5.3.9\spring-webmvc-5.3.9.jar;D:\software\maven\repository\org\springframework\spring-aop\5.3.9\spring-aop-5.3.9.jar;D:\software\maven\repository\org\springframework\spring-context\5.3.9\spring-context-5.3.9.jar;D:\software\maven\repository\org\springframework\spring-expression\5.3.9\spring-expression-5.3.9.jar;D:\software\maven\repository\org\projectlombok\lombok\1.18.20\lombok-1.18.20.jar;D:\software\maven\repository\org\springframework\boot\spring-boot-starter-test\2.5.4\spring-boot-starter-test-2.5.4.jar;D:\software\maven\repository\org\springframework\boot\spring-boot-test\2.5.4\spring-boot-test-2.5.4.jar;D:\software\maven\repository\org\springframework\boot\spring-boot-test-autoconfigure\2.5.4\spring-boot-test-autoconfigure-2.5.4.jar;D:\software\maven\repository\com\jayway\jsonpath\json-path\2.5.0\json-path-2.5.0.jar;D:\software\maven\repository\net\minidev\json-smart\2.4.7\json-smart-2.4.7.jar;D:\software\maven\repository\net\minidev\accessors-smart\2.4.7\accessors-smart-2.4.7.jar;D:\software\maven\repository\org\ow2\asm\asm\9.1\asm-9.1.jar;D:\software\maven\repository\jakarta\xml\bind\jakarta.xml.bind-api\2.3.3\jakarta.xml.bind-api-2.3.3.jar;D:\software\maven\repository\jakarta\activation\jakarta.activation-api\1.2.2\jakarta.activation-api-1.2.2.jar;D:\software\maven\repository\org\assertj\assertj-core\3.19.0\assertj-core-3.19.0.jar;D:\software\maven\repository\org\hamcrest\hamcrest\2.2\hamcrest-2.2.jar;D:\software\maven\repository\org\junit\jupiter\junit-jupiter\5.7.2\junit-jupiter-5.7.2.jar;D:\software\maven\repository\org\junit\jupiter\junit-jupiter-api\5.7.2\junit-jupiter-api-5.7.2.jar;D:\software\maven\repository\org\apiguardian\apiguardian-api\1.1.0\apiguardian-api-1.1.0.jar;D:\software\maven\repository\org\opentest4j\opentest4j\1.2.0\opentest4j-1.2.0.jar;D:\software\maven\repository\org\junit\platform\junit-platform-commons\1.7.2\junit-platform-commons-1.7.2.jar;D:\software\maven\repository\org\junit\jupiter\junit-jupiter-params\5.7.2\junit-jupiter-params-5.7.2.jar;D:\software\maven\repository\org\junit\jupiter\junit-jupiter-engine\5.7.2\junit-jupiter-engine-5.7.2.jar;D:\software\maven\repository\org\junit\platform\junit-platform-engine\1.7.2\junit-platform-engine-1.7.2.jar;D:\software\maven\repository\org\mockito\mockito-core\3.9.0\mockito-core-3.9.0.jar;D:\software\maven\repository\net\bytebuddy\byte-buddy\1.10.22\byte-buddy-1.10.22.jar;D:\software\maven\repository\net\bytebuddy\byte-buddy-agent\1.10.22\byte-buddy-agent-1.10.22.jar;D:\software\maven\repository\org\objenesis\objenesis\3.2\objenesis-3.2.jar;D:\software\maven\repository\org\mockito\mockito-junit-jupiter\3.9.0\mockito-junit-jupiter-3.9.0.jar;D:\software\maven\repository\org\skyscreamer\jsonassert\1.5.0\jsonassert-1.5.0.jar;D:\software\maven\repository\com\vaadin\external\google\android-json\0.0.20131108.vaadin1\android-json-0.0.20131108.vaadin1.jar;D:\software\maven\repository\org\springframework\spring-core\5.3.9\spring-core-5.3.9.jar;D:\software\maven\repository\org\springframework\spring-jcl\5.3.9\spring-jcl-5.3.9.jar;D:\software\maven\repository\org\springframework\spring-test\5.3.9\spring-test-5.3.9.jar;D:\software\maven\repository\org\xmlunit\xmlunit-core\2.8.2\xmlunit-core-2.8.2.jar;D:\software\maven\repository\io\springfox\springfox-swagger2\2.9.2\springfox-swagger2-2.9.2.jar;D:\software\maven\repository\io\swagger\swagger-annotations\1.5.20\swagger-annotations-1.5.20.jar;D:\software\maven\repository\io\swagger\swagger-models\1.5.20\swagger-models-1.5.20.jar;D:\software\maven\repository\com\fasterxml\jackson\core\jackson-annotations\2.12.4\jackson-annotations-2.12.4.jar;D:\software\maven\repository\io\springfox\springfox-spi\2.9.2\springfox-spi-2.9.2.jar;D:\software\maven\repository\io\springfox\springfox-core\2.9.2\springfox-core-2.9.2.jar;D:\software\maven\repository\io\springfox\springfox-schema\2.9.2\springfox-schema-2.9.2.jar;D:\software\maven\repository\io\springfox\springfox-swagger-common\2.9.2\springfox-swagger-common-2.9.2.jar;D:\software\maven\repository\io\springfox\springfox-spring-web\2.9.2\springfox-spring-web-2.9.2.jar;D:\software\maven\repository\com\google\guava\guava\20.0\guava-20.0.jar;D:\software\maven\repository\com\fasterxml\classmate\1.5.1\classmate-1.5.1.jar;D:\software\maven\repository\org\slf4j\slf4j-api\1.7.32\slf4j-api-1.7.32.jar;D:\software\maven\repository\org\springframework\plugin\spring-plugin-core\1.2.0.RELEASE\spring-plugin-core-1.2.0.RELEASE.jar;D:\software\maven\repository\org\springframework\plugin\spring-plugin-metadata\1.2.0.RELEASE\spring-plugin-metadata-1.2.0.RELEASE.jar;D:\software\maven\repository\org\mapstruct\mapstruct\1.2.0.Final\mapstruct-1.2.0.Final.jar;D:\software\maven\repository\io\springfox\springfox-swagger-ui\2.9.2\springfox-swagger-ui-2.9.2.jar;D:\software\maven\repository\com\github\xiaoymin\swagger-bootstrap-ui\1.9.2\swagger-bootstrap-ui-1.9.2.jar;"/>
    <property name="java.vm.vendor" value="Oracle Corporation"/>
    <property name="sun.arch.data.model" value="64"/>
    <property name="user.variant" value=""/>
    <property name="java.vendor.url" value="http://java.oracle.com/"/>
    <property name="user.timezone" value="Asia/Shanghai"/>
    <property name="java.vm.specification.version" value="1.8"/>
    <property name="os.name" value="Windows 10"/>
    <property name="user.country" value="CN"/>
    <property name="sun.java.launcher" value="SUN_STANDARD"/>
    <property name="sun.boot.library.path" value="D:\java\jdk\jdk1.8\jre\bin"/>
    <property name="sun.java.command" value="C:\Users\by\AppData\Local\Temp\surefire2228636237249463032\surefirebooter6315576397445445695.jar C:\Users\by\AppData\Local\Temp\surefire2228636237249463032 2023-01-29T16-54-35_351-jvmRun1 surefire413815886368872311tmp surefire_05590146167247034352tmp"/>
    <property name="surefire.test.class.path" value="D:\ideaProjects\studyDemo20230129\target\test-classes;D:\ideaProjects\studyDemo20230129\target\classes;D:\software\maven\repository\org\springframework\boot\spring-boot-starter-web\2.5.4\spring-boot-starter-web-2.5.4.jar;D:\software\maven\repository\org\springframework\boot\spring-boot-starter\2.5.4\spring-boot-starter-2.5.4.jar;D:\software\maven\repository\org\springframework\boot\spring-boot\2.5.4\spring-boot-2.5.4.jar;D:\software\maven\repository\org\springframework\boot\spring-boot-autoconfigure\2.5.4\spring-boot-autoconfigure-2.5.4.jar;D:\software\maven\repository\org\springframework\boot\spring-boot-starter-logging\2.5.4\spring-boot-starter-logging-2.5.4.jar;D:\software\maven\repository\ch\qos\logback\logback-classic\1.2.5\logback-classic-1.2.5.jar;D:\software\maven\repository\ch\qos\logback\logback-core\1.2.5\logback-core-1.2.5.jar;D:\software\maven\repository\org\apache\logging\log4j\log4j-to-slf4j\2.14.1\log4j-to-slf4j-2.14.1.jar;D:\software\maven\repository\org\apache\logging\log4j\log4j-api\2.14.1\log4j-api-2.14.1.jar;D:\software\maven\repository\org\slf4j\jul-to-slf4j\1.7.32\jul-to-slf4j-1.7.32.jar;D:\software\maven\repository\jakarta\annotation\jakarta.annotation-api\1.3.5\jakarta.annotation-api-1.3.5.jar;D:\software\maven\repository\org\yaml\snakeyaml\1.28\snakeyaml-1.28.jar;D:\software\maven\repository\org\springframework\boot\spring-boot-starter-json\2.5.4\spring-boot-starter-json-2.5.4.jar;D:\software\maven\repository\com\fasterxml\jackson\core\jackson-databind\2.12.4\jackson-databind-2.12.4.jar;D:\software\maven\repository\com\fasterxml\jackson\core\jackson-core\2.12.4\jackson-core-2.12.4.jar;D:\software\maven\repository\com\fasterxml\jackson\datatype\jackson-datatype-jdk8\2.12.4\jackson-datatype-jdk8-2.12.4.jar;D:\software\maven\repository\com\fasterxml\jackson\datatype\jackson-datatype-jsr310\2.12.4\jackson-datatype-jsr310-2.12.4.jar;D:\software\maven\repository\com\fasterxml\jackson\module\jackson-module-parameter-names\2.12.4\jackson-module-parameter-names-2.12.4.jar;D:\software\maven\repository\org\springframework\boot\spring-boot-starter-tomcat\2.5.4\spring-boot-starter-tomcat-2.5.4.jar;D:\software\maven\repository\org\apache\tomcat\embed\tomcat-embed-core\9.0.52\tomcat-embed-core-9.0.52.jar;D:\software\maven\repository\org\apache\tomcat\embed\tomcat-embed-el\9.0.52\tomcat-embed-el-9.0.52.jar;D:\software\maven\repository\org\apache\tomcat\embed\tomcat-embed-websocket\9.0.52\tomcat-embed-websocket-9.0.52.jar;D:\software\maven\repository\org\springframework\spring-web\5.3.9\spring-web-5.3.9.jar;D:\software\maven\repository\org\springframework\spring-beans\5.3.9\spring-beans-5.3.9.jar;D:\software\maven\repository\org\springframework\spring-webmvc\5.3.9\spring-webmvc-5.3.9.jar;D:\software\maven\repository\org\springframework\spring-aop\5.3.9\spring-aop-5.3.9.jar;D:\software\maven\repository\org\springframework\spring-context\5.3.9\spring-context-5.3.9.jar;D:\software\maven\repository\org\springframework\spring-expression\5.3.9\spring-expression-5.3.9.jar;D:\software\maven\repository\org\projectlombok\lombok\1.18.20\lombok-1.18.20.jar;D:\software\maven\repository\org\springframework\boot\spring-boot-starter-test\2.5.4\spring-boot-starter-test-2.5.4.jar;D:\software\maven\repository\org\springframework\boot\spring-boot-test\2.5.4\spring-boot-test-2.5.4.jar;D:\software\maven\repository\org\springframework\boot\spring-boot-test-autoconfigure\2.5.4\spring-boot-test-autoconfigure-2.5.4.jar;D:\software\maven\repository\com\jayway\jsonpath\json-path\2.5.0\json-path-2.5.0.jar;D:\software\maven\repository\net\minidev\json-smart\2.4.7\json-smart-2.4.7.jar;D:\software\maven\repository\net\minidev\accessors-smart\2.4.7\accessors-smart-2.4.7.jar;D:\software\maven\repository\org\ow2\asm\asm\9.1\asm-9.1.jar;D:\software\maven\repository\jakarta\xml\bind\jakarta.xml.bind-api\2.3.3\jakarta.xml.bind-api-2.3.3.jar;D:\software\maven\repository\jakarta\activation\jakarta.activation-api\1.2.2\jakarta.activation-api-1.2.2.jar;D:\software\maven\repository\org\assertj\assertj-core\3.19.0\assertj-core-3.19.0.jar;D:\software\maven\repository\org\hamcrest\hamcrest\2.2\hamcrest-2.2.jar;D:\software\maven\repository\org\junit\jupiter\junit-jupiter\5.7.2\junit-jupiter-5.7.2.jar;D:\software\maven\repository\org\junit\jupiter\junit-jupiter-api\5.7.2\junit-jupiter-api-5.7.2.jar;D:\software\maven\repository\org\apiguardian\apiguardian-api\1.1.0\apiguardian-api-1.1.0.jar;D:\software\maven\repository\org\opentest4j\opentest4j\1.2.0\opentest4j-1.2.0.jar;D:\software\maven\repository\org\junit\platform\junit-platform-commons\1.7.2\junit-platform-commons-1.7.2.jar;D:\software\maven\repository\org\junit\jupiter\junit-jupiter-params\5.7.2\junit-jupiter-params-5.7.2.jar;D:\software\maven\repository\org\junit\jupiter\junit-jupiter-engine\5.7.2\junit-jupiter-engine-5.7.2.jar;D:\software\maven\repository\org\junit\platform\junit-platform-engine\1.7.2\junit-platform-engine-1.7.2.jar;D:\software\maven\repository\org\mockito\mockito-core\3.9.0\mockito-core-3.9.0.jar;D:\software\maven\repository\net\bytebuddy\byte-buddy\1.10.22\byte-buddy-1.10.22.jar;D:\software\maven\repository\net\bytebuddy\byte-buddy-agent\1.10.22\byte-buddy-agent-1.10.22.jar;D:\software\maven\repository\org\objenesis\objenesis\3.2\objenesis-3.2.jar;D:\software\maven\repository\org\mockito\mockito-junit-jupiter\3.9.0\mockito-junit-jupiter-3.9.0.jar;D:\software\maven\repository\org\skyscreamer\jsonassert\1.5.0\jsonassert-1.5.0.jar;D:\software\maven\repository\com\vaadin\external\google\android-json\0.0.20131108.vaadin1\android-json-0.0.20131108.vaadin1.jar;D:\software\maven\repository\org\springframework\spring-core\5.3.9\spring-core-5.3.9.jar;D:\software\maven\repository\org\springframework\spring-jcl\5.3.9\spring-jcl-5.3.9.jar;D:\software\maven\repository\org\springframework\spring-test\5.3.9\spring-test-5.3.9.jar;D:\software\maven\repository\org\xmlunit\xmlunit-core\2.8.2\xmlunit-core-2.8.2.jar;D:\software\maven\repository\io\springfox\springfox-swagger2\2.9.2\springfox-swagger2-2.9.2.jar;D:\software\maven\repository\io\swagger\swagger-annotations\1.5.20\swagger-annotations-1.5.20.jar;D:\software\maven\repository\io\swagger\swagger-models\1.5.20\swagger-models-1.5.20.jar;D:\software\maven\repository\com\fasterxml\jackson\core\jackson-annotations\2.12.4\jackson-annotations-2.12.4.jar;D:\software\maven\repository\io\springfox\springfox-spi\2.9.2\springfox-spi-2.9.2.jar;D:\software\maven\repository\io\springfox\springfox-core\2.9.2\springfox-core-2.9.2.jar;D:\software\maven\repository\io\springfox\springfox-schema\2.9.2\springfox-schema-2.9.2.jar;D:\software\maven\repository\io\springfox\springfox-swagger-common\2.9.2\springfox-swagger-common-2.9.2.jar;D:\software\maven\repository\io\springfox\springfox-spring-web\2.9.2\springfox-spring-web-2.9.2.jar;D:\software\maven\repository\com\google\guava\guava\20.0\guava-20.0.jar;D:\software\maven\repository\com\fasterxml\classmate\1.5.1\classmate-1.5.1.jar;D:\software\maven\repository\org\slf4j\slf4j-api\1.7.32\slf4j-api-1.7.32.jar;D:\software\maven\repository\org\springframework\plugin\spring-plugin-core\1.2.0.RELEASE\spring-plugin-core-1.2.0.RELEASE.jar;D:\software\maven\repository\org\springframework\plugin\spring-plugin-metadata\1.2.0.RELEASE\spring-plugin-metadata-1.2.0.RELEASE.jar;D:\software\maven\repository\org\mapstruct\mapstruct\1.2.0.Final\mapstruct-1.2.0.Final.jar;D:\software\maven\repository\io\springfox\springfox-swagger-ui\2.9.2\springfox-swagger-ui-2.9.2.jar;D:\software\maven\repository\com\github\xiaoymin\swagger-bootstrap-ui\1.9.2\swagger-bootstrap-ui-1.9.2.jar;"/>
    <property name="sun.cpu.endian" value="little"/>
    <property name="user.home" value="C:\Users\by"/>
    <property name="user.language" value="zh"/>
    <property name="java.specification.vendor" value="Oracle Corporation"/>
    <property name="java.home" value="D:\java\jdk\jdk1.8\jre"/>
    <property name="basedir" value="D:\ideaProjects\studyDemo20230129"/>
    <property name="file.separator" value="\"/>
    <property name="line.separator" value="&#10;"/>
    <property name="java.vm.specification.vendor" value="Oracle Corporation"/>
    <property name="java.specification.name" value="Java Platform API Specification"/>
    <property name="java.awt.graphicsenv" value="sun.awt.Win32GraphicsEnvironment"/>
    <property name="surefire.real.class.path" value="C:\Users\by\AppData\Local\Temp\surefire2228636237249463032\surefirebooter6315576397445445695.jar"/>
    <property name="sun.boot.class.path" value="D:\java\jdk\jdk1.8\jre\lib\resources.jar;D:\java\jdk\jdk1.8\jre\lib\rt.jar;D:\java\jdk\jdk1.8\jre\lib\sunrsasign.jar;D:\java\jdk\jdk1.8\jre\lib\jsse.jar;D:\java\jdk\jdk1.8\jre\lib\jce.jar;D:\java\jdk\jdk1.8\jre\lib\charsets.jar;D:\java\jdk\jdk1.8\jre\lib\jfr.jar;D:\java\jdk\jdk1.8\jre\classes"/>
    <property name="user.script" value=""/>
    <property name="sun.management.compiler" value="HotSpot 64-Bit Tiered Compilers"/>
    <property name="java.runtime.version" value="1.8.0_131-b11"/>
    <property name="user.name" value="by"/>
    <property name="path.separator" value=";"/>
    <property name="os.version" value="10.0"/>
    <property name="java.endorsed.dirs" value="D:\java\jdk\jdk1.8\jre\lib\endorsed"/>
    <property name="java.runtime.name" value="Java(TM) SE Runtime Environment"/>
    <property name="file.encoding" value="GBK"/>
    <property name="java.vm.name" value="Java HotSpot(TM) 64-Bit Server VM"/>
    <property name="localRepository" value="D:\software\maven\repository"/>
    <property name="java.vendor.url.bug" value="http://bugreport.sun.com/bugreport/"/>
    <property name="java.io.tmpdir" value="C:\Users\by\AppData\Local\Temp\"/>
    <property name="idea.version" value="2020.3"/>
    <property name="java.version" value="1.8.0_131"/>
    <property name="user.dir" value="D:\ideaProjects\studyDemo20230129"/>
    <property name="os.arch" value="amd64"/>
    <property name="java.vm.specification.name" value="Java Virtual Machine Specification"/>
    <property name="java.awt.printerjob" value="sun.awt.windows.WPrinterJob"/>
    <property name="sun.os.patch.level" value=""/>
    <property name="java.library.path" value="D:\java\jdk\jdk1.8\jre\bin;C:\Windows\Sun\Java\bin;C:\Windows\system32;C:\Windows;C:\Program Files\Common Files\Oracle\Java\javapath;E:\CSoft\Xshell\;E:\database\oracle\product\11.2.0\dbhome_1\bin;C:\Windows\system32;C:\Windows;C:\Windows\System32\Wbem;C:\Windows\System32\WindowsPowerShell\v1.0\;C:\Windows\System32\OpenSSH\;C:\Program Files (x86)\NVIDIA Corporation\PhysX\Common;C:\Program Files\NVIDIA Corporation\NVIDIA NvDLISR;&quot;;D:\java\jdk\jdk11.0.18\bin;D:\java\jdk\jdk11.0.18\jre\bin&quot;;D:\software\maven\apache-maven-3.6.3\bin;E:\database\mysql\mysql-8.0.19-winx64\bin;C:\Program Files\Git\cmd;D:\python\python-3.9.7-amd64.exe;E:\tools\erlang\erl-24.1.7\bin;D:\software\node\;D:\python\Scripts\;D:\python\;C:\Users\by\AppData\Local\Microsoft\WindowsApps;;E:\CSoft\pychram\PyCharm Community Edition 2021.2.1\bin;;C:\Users\by\AppData\Roaming\npm;."/>
    <property name="java.vm.info" value="mixed mode"/>
    <property name="java.vendor" value="Oracle Corporation"/>
    <property name="java.vm.version" value="25.131-b11"/>
    <property name="java.ext.dirs" value="D:\java\jdk\jdk1.8\jre\lib\ext;C:\Windows\Sun\Java\lib\ext"/>
    <property name="sun.io.unicode.encoding" value="UnicodeLittle"/>
    <property name="java.class.version" value="52.0"/>
  </properties>
  <testcase name="contextLoads" classname="com.studydemo.demo.DemoApplicationTests" time="0.205"/>
</testsuite>